This is pdfeTeX, Version 3.141592-1.20a-2.2 (Web2C 7.5.3) (format=pdflatex 2005.6.16)  10 MAY 2006 14:26
entering extended mode
\write18 enabled.
**contexts.bib
(./contexts.bib
LaTeX2e <2003/12/01>
Babel <v3.8d> and hyphenation patterns for american, french, german, ngerman, d
utch, italian, norsk, portuges, spanish, swedish, nohyphenation, loaded.

! LaTeX Error: Missing \begin{document}.

See the LaTeX manual or LaTeX Companion for explanation.
Type  H <return>  for immediate help.
 ...                                              
                                                  
l.2 @
     Article{Barwise:81,
? 
! Emergency stop.
 ...                                              
                                                  
l.2 @
     Article{Barwise:81,
You're in trouble here.  Try typing  <return>  to proceed.
If that doesn't work, type  X <return>  to quit.

 
Here is how much of TeX's memory you used:
 7 strings out of 95217
 259 string characters out of 1184538
 2045165 words of memory out of 4500000
 3211 multiletter control sequences out of 10000+50000
 3640 words of font info for 14 fonts, out of 2000000 for 2000
 58 hyphenation exceptions out of 1000
 5i,0n,4p,35b,14s stack positions out of 5000i,500n,6000p,200000b,40000s
 0 PDF objects out of 300000
 0 named destinations out of 131072
 1 words of extra memory for PDF output out of 65536
No pages of output.
