This is e-TeXk, Version 3.141592-2.1 (Web2C 7.5.2) (format=latex 2004.2.19)  13 DEC 2006 10:30
entering extended mode
 %&-line parsing enabled.
 (/usr/local/teTeX/share/texmf.tetex/web2c/cp8bit.tcx)
**definitions-ch.tex
(./definitions-ch.tex
LaTeX2e <2001/06/01>
Babel <v3.7h> and hyphenation patterns for british, french, german, ngerman, no
hyphenation, loaded.
! Undefined control sequence.
l.8  \chapter
             {Mathematical Methods for Computational Linguistics}
? 
! Emergency stop.
l.8  \chapter
             {Mathematical Methods for Computational Linguistics}
End of file on the terminal!

 
Here is how much of TeX's memory you used:
 4 strings out of 95737
 70 string characters out of 1193374
 44498 words of memory out of 1500001
 3100 multiletter control sequences out of 10000+50000
 3640 words of font info for 14 fonts, out of 1000000 for 2000
 8 hyphenation exceptions out of 1000
 5i,0n,1p,82b,8s stack positions out of 5000i,500n,6000p,200000b,40000s
No pages of output.
