This is e-TeXk, Version 3.141592-2.1 (Web2C 7.5.2) (format=latex 2004.2.19)  28 AUG 2006 14:47
entering extended mode
 %&-line parsing enabled.
 (/usr/local/teTeX/share/texmf.tetex/web2c/cp8bit.tcx)
**introduction-0.3.tex
(./introduction-0.3.tex
LaTeX2e <2001/06/01>
Babel <v3.7h> and hyphenation patterns for british, french, german, ngerman, no
hyphenation, loaded.
(/usr/local/teTeX/share/texmf.tetex/tex/latex/base/report.cls
Document Class: report 2001/04/21 v1.4e Standard LaTeX document class
(/usr/local/teTeX/share/texmf.tetex/tex/latex/base/size10.clo
File: size10.clo 2001/04/21 v1.4e Standard LaTeX file (size option)
)
\c@part=\count79
\c@chapter=\count80
\c@section=\count81
\c@subsection=\count82
\c@subsubsection=\count83
\c@paragraph=\count84
\c@subparagraph=\count85
\c@figure=\count86
\c@table=\count87
\abovecaptionskip=\skip41
\belowcaptionskip=\skip42
\bibindent=\dimen102
)
\@input{head.aux}
\openout2 = `head.aux'.

(./head.tex (/usr/local/teTeX/share/texmf.tetex/tex/latex/natbib/natbib.sty
Package: natbib 2000/07/24 7.0a (PWD)
\bibhang=\skip43
\bibsep=\skip44
LaTeX Info: Redefining \cite on input line 508.
\c@NAT@ctr=\count88
)
(/usr/local/teTeX/share/texmf.tetex/tex/latex/amscls/amsthm.sty
Package: amsthm 2000/10/26 v2.08
\thm@style=\toks14
\thm@bodyfont=\toks15
\thm@headfont=\toks16
\thm@notefont=\toks17
\thm@headpunct=\toks18
\thm@preskip=\skip45
\thm@postskip=\skip46
\thm@headsep=\skip47
\dth@everypar=\toks19
)
(/usr/local/teTeX/share/texmf.tetex/tex/latex/amsfonts/amssymb.sty
Package: amssymb 2002/01/22 v2.2d

(/usr/local/teTeX/share/texmf.tetex/tex/latex/amsfonts/amsfonts.sty
Package: amsfonts 2001/10/25 v2.2f
\@emptytoks=\toks20
\symAMSa=\mathgroup4
\symAMSb=\mathgroup5
LaTeX Font Info:    Overwriting math alphabet `\mathfrak' in version `bold'
(Font)                  U/euf/m/n --> U/euf/b/n on input line 132.
))
(/usr/local/teTeX/share/texmf.tetex/tex/latex/amsmath/amsmath.sty
Package: amsmath 2000/07/18 v2.13 AMS math features
\@mathmargin=\skip48

For additional information on amsmath, use the `?' option.
(/usr/local/teTeX/share/texmf.tetex/tex/latex/amsmath/amstext.sty
Package: amstext 2000/06/29 v2.01

(/usr/local/teTeX/share/texmf.tetex/tex/latex/amsmath/amsgen.sty
File: amsgen.sty 1999/11/30 v2.0
\@emptytoks=\toks21
\ex@=\dimen103
))
(/usr/local/teTeX/share/texmf.tetex/tex/latex/amsmath/amsbsy.sty
Package: amsbsy 1999/11/29 v1.2d
\pmbraise@=\dimen104
)
(/usr/local/teTeX/share/texmf.tetex/tex/latex/amsmath/amsopn.sty
Package: amsopn 1999/12/14 v2.01 operator names
)
\inf@bad=\count89
LaTeX Info: Redefining \frac on input line 211.
\uproot@=\count90
\leftroot@=\count91
LaTeX Info: Redefining \overline on input line 307.
\classnum@=\count92
\DOTSCASE@=\count93
LaTeX Info: Redefining \ldots on input line 379.
LaTeX Info: Redefining \dots on input line 382.
LaTeX Info: Redefining \cdots on input line 467.
\Mathstrutbox@=\box26
\strutbox@=\box27
\big@size=\dimen105
LaTeX Font Info:    Redeclaring font encoding OML on input line 567.
LaTeX Font Info:    Redeclaring font encoding OMS on input line 568.
\macc@depth=\count94
\c@MaxMatrixCols=\count95
\dotsspace@=\muskip10
\c@parentequation=\count96
\dspbrk@lvl=\count97
\tag@help=\toks22
\row@=\count98
\column@=\count99
\maxfields@=\count100
\andhelp@=\toks23
\eqnshift@=\dimen106
\alignsep@=\dimen107
\tagshift@=\dimen108
\tagwidth@=\dimen109
\totwidth@=\dimen110
\lineht@=\dimen111
\@envbody=\toks24
\multlinegap=\skip49
\multlinetaggap=\skip50
\mathdisplay@stack=\toks25
LaTeX Info: Redefining \[ on input line 2666.
LaTeX Info: Redefining \] on input line 2667.
)
(/usr/local/teTeX/share/texmf.tetex/tex/latex/amsfonts/eufrak.sty

Package eufrak Warning: The eufrak package is redundant if the amsfonts package
 is used on input line 58.

) (./graphs.sty
Package: graphs 2003/11/16


LaTeX2e package `graphs', version 1.53
Frank Drewes, Umea University, 16/11 2003

(./graphs_ps.tex) (./graphs_config.tex)
\g@oldunitlength=\dimen112
\g@xpos=\count101
\g@ypos=\count102
\g@x=\dimen113
\g@y=\dimen114
\g@aux=\dimen115
\g@heightplusdepth=\dimen116
\g@width=\dimen117
\g@xsizeA=\count103
\g@xsizeB=\count104
\g@ysizeA=\count105
\g@ysizeB=\count106
\g@help=\count107
\g@helpB=\dimen118
\g@xunitlength=\dimen119
\g@yunitlength=\dimen120
)
(/usr/local/teTeX/share/texmf.tetex/tex/latex/tools/enumerate.sty
Package: enumerate 1999/03/05 v3.00 enumerate extensions (DPC)
\@enLab=\toks26
)
(/usr/local/teTeX/share/texmf.gwtex/tex/latex/macros/contrib/supported/algorith
ms/algorithmic.sty
Package: algorithmic 

Document Style `algorithmic' - environment
(/usr/local/teTeX/share/texmf.tetex/tex/latex/base/ifthen.sty
Package: ifthen 2001/05/26 v1.1c Standard LaTeX ifthen package (DPC)
)
(/usr/local/teTeX/share/texmf.tetex/tex/latex/tools/calc.sty
Package: calc 1998/07/07 v4.1b Infix arithmetic (KKT,FJ)
\calc@Acount=\count108
\calc@Bcount=\count109
\calc@Adimen=\dimen121
\calc@Bdimen=\dimen122
\calc@Askip=\skip51
\calc@Bskip=\skip52
LaTeX Info: Redefining \setlength on input line 59.
LaTeX Info: Redefining \addtolength on input line 60.
\calc@denominator=\count110
)
\c@ALC@line=\count111
\c@ALC@rem=\count112
\ALC@tlm=\skip53
)
(/usr/local/teTeX/share/texmf.gwtex/tex/latex/macros/contrib/supported/algorith
ms/algorithm.sty
Package: algorithm 

Document Style `algorithm' - floating environment
(/usr/local/teTeX/share/texmf.tetex/tex/latex/misc/float.sty
Package: float 2001/11/08 v1.3d Float enhancements (AL)
\c@float@type=\count113
\float@exts=\toks27
\float@box=\box28
\@float@everytoks=\toks28
\@floatcapt=\box29
)
\@float@every@algorithm=\toks29
\c@algorithm=\count114
)
(/usr/local/teTeX/share/texmf.tetex/tex/latex/fancyvrb/fancyvrb.sty
Package: fancyvrb 2000/03/21

Style option: `fancyvrb' v2.7, with DG/SPQR fixes <2000/03/21> (tvz)
(/usr/local/teTeX/share/texmf.tetex/tex/latex/graphics/keyval.sty
Package: keyval 1999/03/16 v1.13 key=value parser (DPC)
\KV@toks@=\toks30
)
\FV@CodeLineNo=\count115
\FV@InFile=\read1
\FV@TabBox=\box30
\c@FancyVerbLine=\count116
\FV@StepNumber=\count117
\FV@OutFile=\write3
)
(/usr/local/teTeX/share/texmf.tetex/tex/latex/pstricks/pstricks.sty
Package: pstricks 1997/03/25 package wrapper for PSTricks pstricks.tex

(/usr/local/teTeX/share/texmf.tetex/tex/generic/pstricks/pstricks.tex
`PSTricks' v97 patch 14  <1999/12/23> (tvz)
\pst@dima=\dimen123
\pst@dimb=\dimen124
\pst@dimc=\dimen125
\pst@dimd=\dimen126
\pst@dimg=\dimen127
\pst@dimh=\dimen128
\pst@hbox=\box31
\pst@boxg=\box32
\pst@cnta=\count118
\pst@cntb=\count119
\pst@cntc=\count120
\pst@cntd=\count121
\pst@cntg=\count122
\pst@cnth=\count123
\pst@toks=\toks31
(/usr/local/teTeX/share/texmf.tetex/tex/generic/pstricks/pstricks.con)
\psunit=\dimen129
\psxunit=\dimen130
\psyunit=\dimen131
\pslinewidth=\dimen132
\pst@customdefs=\toks32
\pslinearc=\dimen133
\everypsbox=\toks33
\psframesep=\dimen134
\pslabelsep=\dimen135
\theoverlaybox=\box33
))
(/usr/local/teTeX/share/texmf.tetex/tex/latex/misc/subfigure.sty
Package: subfigure 2002/07/30 v2.1.4 subfigure package
\subfigtopskip=\skip54
\subfigcapskip=\skip55
\subfigcaptopadj=\dimen136
\subfigbottomskip=\skip56
\subfigcapmargin=\dimen137
\subfiglabelskip=\skip57
\c@subfigure=\count124
\c@lofdepth=\count125
\c@subtable=\count126
\c@lotdepth=\count127
\subfig@top=\skip58
\subfig@bottom=\skip59
)
\c@prop=\count128
)
No file introduction-0.3.aux.
\openout1 = `introduction-0.3.aux'.

LaTeX Font Info:    Checking defaults for OML/cmm/m/it on input line 8.
LaTeX Font Info:    ... okay on input line 8.
LaTeX Font Info:    Checking defaults for T1/cmr/m/n on input line 8.
LaTeX Font Info:    ... okay on input line 8.
LaTeX Font Info:    Checking defaults for OT1/cmr/m/n on input line 8.
LaTeX Font Info:    ... okay on input line 8.
LaTeX Font Info:    Checking defaults for OMS/cmsy/m/n on input line 8.
LaTeX Font Info:    ... okay on input line 8.
LaTeX Font Info:    Checking defaults for OMX/cmex/m/n on input line 8.
LaTeX Font Info:    ... okay on input line 8.
LaTeX Font Info:    Checking defaults for U/cmr/m/n on input line 8.
LaTeX Font Info:    ... okay on input line 8.
Chapter 1.

Package natbib Warning: Citation `Kamp:93' on page 1 undefined on input line 25
.


Package natbib Warning: Citation `Wittgenstein:53' on page 1 undefined on input
 line 25.


Package natbib Warning: Citation `Firth:57' on page 1 undefined on input line 2
5.

[1




]
LaTeX Font Info:    Try loading font information for OMS+cmr on input line 31.
 (/usr/local/teTeX/share/texmf.tetex/tex/latex/base/omscmr.fd
File: omscmr.fd 1999/05/25 v2.5h Standard LaTeX font definitions
)
LaTeX Font Info:    Font shape `OMS/cmr/m/n' in size <10> not available
(Font)              Font shape `OMS/cmsy/m/n' tried instead on input line 31.
 [2]
LaTeX Font Info:    Try loading font information for U+msa on input line 41.

(/usr/local/teTeX/share/texmf.tetex/tex/latex/amsfonts/umsa.fd
File: umsa.fd 2002/01/19 v2.2g AMS font definitions
)
LaTeX Font Info:    Try loading font information for U+msb on input line 41.

(/usr/local/teTeX/share/texmf.tetex/tex/latex/amsfonts/umsb.fd
File: umsb.fd 2002/01/19 v2.2g AMS font definitions
)
Overfull \hbox (7.50061pt too wide) in paragraph at lines 42--43
[]\OT1/cmr/m/n/10 An al-geb-raic de-scrip-tion of model-theoretic se-mantics, a
l-low-ing us to provide
 []


Package natbib Warning: Citation `Borowski:99' on page 3 undefined on input lin
e 337.

[3]

Package natbib Warning: Citation `Lee:99' on page 4 undefined on input line 346
.


Package natbib Warning: Citation `Deerwester:90' on page 4 undefined on input l
ine 346.

[4]
\c@SynCount=\count129
 [5]
\c@MeanCount=\count130
\c@AeCount=\count131

No file introduction-0.3.bbl.

Package natbib Warning: There were undefined citations.

[6] (./introduction-0.3.aux)

LaTeX Warning: Label(s) may have changed. Rerun to get cross-references right.

 ) 
Here is how much of TeX's memory you used:
 3398 strings out of 95737
 40987 string characters out of 1193374
 105014 words of memory out of 1557517
 6360 multiletter control sequences out of 10000+50000
 11893 words of font info for 45 fonts, out of 1000000 for 2000
 8 hyphenation exceptions out of 1000
 31i,8n,26p,1044b,229s stack positions out of 5000i,500n,6000p,200000b,40000s

Output written on introduction-0.3.dvi (6 pages, 20552 bytes).
