This is pdfTeX, Version 3.141592-1.40.3 (Web2C 7.5.6) (format=latex 2007.6.4)  28 MAR 2008 21:03
entering extended mode
**meaning-context.tex
(./meaning-context.tex
LaTeX2e <2005/12/01>
Babel <v3.8h> and hyphenation patterns for english, usenglishmax, dumylang, noh
yphenation, arabic, basque, bulgarian, coptic, welsh, czech, slovak, german, ng
erman, danish, esperanto, spanish, catalan, galician, estonian, farsi, finnish,
 french, greek, monogreek, ancientgreek, croatian, hungarian, interlingua, ibyc
us, indonesian, icelandic, italian, latin, mongolian, dutch, norsk, polish, por
tuguese, pinyin, romanian, russian, slovenian, uppersorbian, serbian, swedish, 
turkish, ukenglish, ukrainian, loaded.
! Undefined control sequence.
l.9 \chapter
            {Meaning as Context}
? 
! Emergency stop.
l.9 \chapter
            {Meaning as Context}
End of file on the terminal!

 
Here is how much of TeX's memory you used:
 5 strings out of 94074
 154 string characters out of 1163523
 2048804 words of memory out of 4500000
 3390 multiletter control sequences out of 10000+50000
 3640 words of font info for 14 fonts, out of 2000000 for 2000
 645 hyphenation exceptions out of 5000
 5i,0n,1p,57b,8s stack positions out of 5000i,500n,6000p,200000b,50000s
No pages of output.
