This is pdfeTeXk, Version 3.141592-1.11b-2.1 (Web2C 7.5.2) (format=pdflatex 2004.2.19)  9 MAR 2006 23:12
entering extended mode
\write18 enabled.
 %&-line parsing enabled.
 (/usr/local/teTeX/share/texmf.tetex/web2c/cp8bit.tcx)
**preface.tex
(./preface.tex{/usr/local/teTeX/share/texmf.local/pdftex/config/pdftex.cfg}
LaTeX2e <2001/06/01>
Babel <v3.7h> and hyphenation patterns for british, french, german, ngerman, no
hyphenation, loaded.
! Undefined control sequence.
l.2  \chapter
             *{Preface}
? 
! Emergency stop.
l.2  \chapter
             *{Preface}
End of file on the terminal!

 
Here is how much of TeX's memory you used:
 5 strings out of 95320
 52 string characters out of 1187367
 44499 words of memory out of 1500001
 3171 multiletter control sequences out of 10000+50000
 3640 words of font info for 14 fonts, out of 1000000 for 2000
 8 hyphenation exceptions out of 1000
 5i,0n,1p,33b,8s stack positions out of 5000i,500n,6000p,200000b,40000s
 0 PDF objects out of 300000
 0 named destinations out of 131072
 1 words of extra memory for PDF output out of 65536
No pages of output.
