This is pdfTeX, Version 3.141592-1.40.3 (Web2C 7.5.6) (format=latex 2007.6.4)  31 MAR 2008 22:13
entering extended mode
**thesis.tex
(./thesis.tex
LaTeX2e <2005/12/01>
Babel <v3.8h> and hyphenation patterns for english, usenglishmax, dumylang, noh
yphenation, arabic, basque, bulgarian, coptic, welsh, czech, slovak, german, ng
erman, danish, esperanto, spanish, catalan, galician, estonian, farsi, finnish,
 french, greek, monogreek, ancientgreek, croatian, hungarian, interlingua, ibyc
us, indonesian, icelandic, italian, latin, mongolian, dutch, norsk, polish, por
tuguese, pinyin, romanian, russian, slovenian, uppersorbian, serbian, swedish, 
turkish, ukenglish, ukrainian, loaded.
(/usr/local/gwTeX/texmf.texlive/tex/latex/base/report.cls
Document Class: report 2005/09/16 v1.4f Standard LaTeX document class
(/usr/local/gwTeX/texmf.texlive/tex/latex/base/size12.clo
File: size12.clo 2005/09/16 v1.4f Standard LaTeX file (size option)
)
\c@part=\count79
\c@chapter=\count80
\c@section=\count81
\c@subsection=\count82
\c@subsubsection=\count83
\c@paragraph=\count84
\c@subparagraph=\count85
\c@figure=\count86
\c@table=\count87
\abovecaptionskip=\skip41
\belowcaptionskip=\skip42
\bibindent=\dimen102
)
(/usr/local/gwTeX/texmf.texlive/tex/latex/base/makeidx.sty
Package: makeidx 2000/03/29 v1.0m Standard LaTeX package
)
(/usr/local/gwTeX/texmf.texlive/tex/latex/geometry/geometry.sty
Package: geometry 2002/07/08 v3.2 Page Geometry

(/usr/local/gwTeX/texmf.texlive/tex/latex/graphics/keyval.sty
Package: keyval 1999/03/16 v1.13 key=value parser (DPC)
\KV@toks@=\toks14
)
\Gm@cnth=\count88
\Gm@cntv=\count89
\c@Gm@tempcnt=\count90
\Gm@bindingoffset=\dimen103
\Gm@wd@mp=\dimen104
\Gm@odd@mp=\dimen105
\Gm@even@mp=\dimen106
\Gm@dimlist=\toks15

(/usr/local/gwTeX/texmf.texlive/tex/xelatex/xetexconfig/geometry.cfg))
(/usr/local/gwTeX/texmf.texlive/tex/latex/setspace/setspace.sty
Package: setspace 2000/12/01 6.7 Contributed and Supported LaTeX2e package

Package: `setspace' 6.7 <2000/12/01>
)
\@indexfile=\write3
\openout3 = `thesis.idx'.


Writing index file thesis.idx
(./thesis.sty) (./head.tex
(/usr/local/gwTeX/texmf.texlive/tex/latex/natbib/natbib.sty
Package: natbib 2007/02/05 8.0 (PWD)
\bibhang=\skip43
\bibsep=\skip44
LaTeX Info: Redefining \cite on input line 602.
\c@NAT@ctr=\count91
)
(/usr/local/gwTeX/texmf.texlive/tex/latex/amscls/amsthm.sty
Package: amsthm 2004/08/06 v2.20
\thm@style=\toks16
\thm@bodyfont=\toks17
\thm@headfont=\toks18
\thm@notefont=\toks19
\thm@headpunct=\toks20
\thm@preskip=\skip45
\thm@postskip=\skip46
\thm@headsep=\skip47
\dth@everypar=\toks21
)
(/usr/local/gwTeX/texmf.texlive/tex/latex/amsfonts/amssymb.sty
Package: amssymb 2002/01/22 v2.2d

(/usr/local/gwTeX/texmf.texlive/tex/latex/amsfonts/amsfonts.sty
Package: amsfonts 2001/10/25 v2.2f
\@emptytoks=\toks22
\symAMSa=\mathgroup4
\symAMSb=\mathgroup5
LaTeX Font Info:    Overwriting math alphabet `\mathfrak' in version `bold'
(Font)                  U/euf/m/n --> U/euf/b/n on input line 132.
))
(/usr/local/gwTeX/texmf.texlive/tex/latex/amsmath/amsmath.sty
Package: amsmath 2000/07/18 v2.13 AMS math features
\@mathmargin=\skip48

For additional information on amsmath, use the `?' option.
(/usr/local/gwTeX/texmf.texlive/tex/latex/amsmath/amstext.sty
Package: amstext 2000/06/29 v2.01

(/usr/local/gwTeX/texmf.texlive/tex/latex/amsmath/amsgen.sty
File: amsgen.sty 1999/11/30 v2.0
\@emptytoks=\toks23
\ex@=\dimen107
))
(/usr/local/gwTeX/texmf.texlive/tex/latex/amsmath/amsbsy.sty
Package: amsbsy 1999/11/29 v1.2d
\pmbraise@=\dimen108
)
(/usr/local/gwTeX/texmf.texlive/tex/latex/amsmath/amsopn.sty
Package: amsopn 1999/12/14 v2.01 operator names
)
\inf@bad=\count92
LaTeX Info: Redefining \frac on input line 211.
\uproot@=\count93
\leftroot@=\count94
LaTeX Info: Redefining \overline on input line 307.
\classnum@=\count95
\DOTSCASE@=\count96
LaTeX Info: Redefining \ldots on input line 379.
LaTeX Info: Redefining \dots on input line 382.
LaTeX Info: Redefining \cdots on input line 467.
\Mathstrutbox@=\box26
\strutbox@=\box27
\big@size=\dimen109
LaTeX Font Info:    Redeclaring font encoding OML on input line 567.
LaTeX Font Info:    Redeclaring font encoding OMS on input line 568.
\macc@depth=\count97
\c@MaxMatrixCols=\count98
\dotsspace@=\muskip10
\c@parentequation=\count99
\dspbrk@lvl=\count100
\tag@help=\toks24
\row@=\count101
\column@=\count102
\maxfields@=\count103
\andhelp@=\toks25
\eqnshift@=\dimen110
\alignsep@=\dimen111
\tagshift@=\dimen112
\tagwidth@=\dimen113
\totwidth@=\dimen114
\lineht@=\dimen115
\@envbody=\toks26
\multlinegap=\skip49
\multlinetaggap=\skip50
\mathdisplay@stack=\toks27
LaTeX Info: Redefining \[ on input line 2666.
LaTeX Info: Redefining \] on input line 2667.
)
(/usr/local/gwTeX/texmf.texlive/tex/latex/amsfonts/eufrak.sty

Package eufrak Warning: The eufrak package is redundant if the amsfonts package
 is used on input line 58.

) (./graphs.sty
Package: graphs 2003/11/16


LaTeX2e package `graphs', version 1.53
Frank Drewes, Umea University, 16/11 2003

(./graphs_ps.tex) (./graphs_config.tex)
\g@oldunitlength=\dimen116
\g@xpos=\count104
\g@ypos=\count105
\g@x=\dimen117
\g@y=\dimen118
\g@aux=\dimen119
\g@heightplusdepth=\dimen120
\g@width=\dimen121
\g@xsizeA=\count106
\g@xsizeB=\count107
\g@ysizeA=\count108
\g@ysizeB=\count109
\g@help=\count110
\g@helpB=\dimen122
\g@xunitlength=\dimen123
\g@yunitlength=\dimen124
)
(/usr/local/gwTeX/texmf.texlive/tex/latex/tools/enumerate.sty
Package: enumerate 1999/03/05 v3.00 enumerate extensions (DPC)
\@enLab=\toks28
)
(/usr/local/gwTeX/texmf.texlive/tex/latex/algorithms/algorithmic.sty
Package: algorithmic 2006/06/02

Document Style `algorithmic' - environment
(/usr/local/gwTeX/texmf.texlive/tex/latex/base/ifthen.sty
Package: ifthen 2001/05/26 v1.1c Standard LaTeX ifthen package (DPC)
)
(/usr/local/gwTeX/texmf.texlive/tex/latex/tools/calc.sty
Package: calc 2005/08/06 v4.2 Infix arithmetic (KKT,FJ)
\calc@Acount=\count111
\calc@Bcount=\count112
\calc@Adimen=\dimen125
\calc@Bdimen=\dimen126
\calc@Askip=\skip51
\calc@Bskip=\skip52
LaTeX Info: Redefining \setlength on input line 75.
LaTeX Info: Redefining \addtolength on input line 76.
\calc@Ccount=\count113
\calc@Cskip=\skip53
)
\c@ALC@line=\count114
\c@ALC@rem=\count115
\c@ALC@depth=\count116
\ALC@tlm=\skip54
\algorithmicindent=\skip55
)
(/usr/local/gwTeX/texmf.texlive/tex/latex/algorithms/algorithm.sty
Package: algorithm 

Document Style `algorithm' - floating environment
(/usr/local/gwTeX/texmf.texlive/tex/latex/float/float.sty
Package: float 2001/11/08 v1.3d Float enhancements (AL)
\c@float@type=\count117
\float@exts=\toks29
\float@box=\box28
\@float@everytoks=\toks30
\@floatcapt=\box29
)
\@float@every@algorithm=\toks31
\c@algorithm=\count118
)
(/usr/local/gwTeX/texmf.texlive/tex/latex/fancyvrb/fancyvrb.sty
Package: fancyvrb 1998/07/17

Style option: `fancyvrb' v2.6, with DG/SPQR fixes <1998/07/17> (tvz)
\FV@CodeLineNo=\count119
\FV@InFile=\read1
\FV@TabBox=\box30
\c@FancyVerbLine=\count120
\FV@StepNumber=\count121
\FV@OutFile=\write4

No file fancyvrb.cfg.
) (/usr/local/gwTeX/texmf.texlive/tex/latex/pstricks/pstricks.sty
Package: pstricks 2006/08/10 v0.32 LaTeX wrapper for `PSTricks' (RN,HV)

(/usr/local/gwTeX/texmf.texlive/tex/generic/pstricks/pstricks.tex
`PSTricks' v1.15  <2006/12/22> (tvz)
\pst@dima=\dimen127
\pst@dimb=\dimen128
\pst@dimc=\dimen129
\pst@dimd=\dimen130
\pst@dimg=\dimen131
\pst@dimh=\dimen132
\pst@hbox=\box31
\pst@boxg=\box32
\pst@cnta=\count122
\pst@cntb=\count123
\pst@cntc=\count124
\pst@cntd=\count125
\pst@cntg=\count126
\pst@cnth=\count127
\pst@toks=\toks32
(/usr/local/gwTeX/texmf.texlive/tex/generic/pstricks/pstricks.con)
\psunit=\dimen133
\psxunit=\dimen134
\psyunit=\dimen135
\pslinewidth=\dimen136
\pst@customdefs=\toks33
\pslinearc=\dimen137
\everypsbox=\toks34
\psframesep=\dimen138
\pslabelsep=\dimen139
\psk@shift=\dimen140
\pst@shift=\dimen141
\theoverlaybox=\box33
)
File: pstricks.tex 2006/12/22 v1.15 `PSTricks' (tvz)

(/usr/local/gwTeX/texmf.texlive/tex/latex/xcolor/xcolor.sty
Package: xcolor 2007/01/21 v2.11 LaTeX color extensions (UK)

(/usr/local/gwTeX/texmf.texlive/tex/latex/config/color.cfg
File: color.cfg 2007/01/18 v1.5 color configuration of teTeX/TeXLive
)
Package xcolor Info: Package option `override' ignored on input line 216.
Package xcolor Info: Driver file: dvips.def on input line 225.

(/usr/local/gwTeX/texmf.texlive/tex/latex/graphics/dvips.def
File: dvips.def 1999/02/16 v3.0i Driver-dependant file (DPC,SPQR)
)
Package xcolor Info: Model `cmy' substituted by `cmy0' on input line 1337.
Package xcolor Info: Model `RGB' extended on input line 1353.
Package xcolor Info: Model `HTML' substituted by `rgb' on input line 1355.
Package xcolor Info: Model `Hsb' substituted by `hsb' on input line 1356.
Package xcolor Info: Model `tHsb' substituted by `hsb' on input line 1357.
Package xcolor Info: Model `HSB' substituted by `hsb' on input line 1358.
Package xcolor Info: Model `Gray' substituted by `gray' on input line 1359.
Package xcolor Info: Model `wave' substituted by `hsb' on input line 1360.
))
(/usr/local/gwTeX/texmf.texlive/tex/latex/subfigure/subfigure.sty
Package: subfigure 2002/03/15 v2.1.5 subfigure package
\subfigtopskip=\skip56
\subfigcapskip=\skip57
\subfigcaptopadj=\dimen142
\subfigbottomskip=\skip58
\subfigcapmargin=\dimen143
\subfiglabelskip=\skip59
\c@subfigure=\count128
\c@lofdepth=\count129
\c@subtable=\count130
\c@lotdepth=\count131

****************************************
* Local config file subfigure.cfg used *
****************************************
(/usr/local/gwTeX/texmf.texlive/tex/latex/subfigure/subfigure.cfg)
\subfig@top=\skip60
\subfig@bottom=\skip61
)
(/usr/local/gwTeX/texmf.texlive/tex/latex/tools/bm.sty
Package: bm 2004/02/26 v1.1c Bold Symbol Support (DPC/FMi)
\symboldoperators=\mathgroup6
\symboldletters=\mathgroup7
\symboldsymbols=\mathgroup8
LaTeX Font Info:    Redeclaring math alphabet \mathbf on input line 137.
LaTeX Info: Redefining \bm on input line 203.
)
(/usr/local/gwTeX/texmf.texlive/tex/latex/graphics/graphicx.sty
Package: graphicx 1999/02/16 v1.0f Enhanced LaTeX Graphics (DPC,SPQR)

(/usr/local/gwTeX/texmf.texlive/tex/latex/graphics/graphics.sty
Package: graphics 2006/02/20 v1.0o Standard LaTeX Graphics (DPC,SPQR)

(/usr/local/gwTeX/texmf.texlive/tex/latex/graphics/trig.sty
Package: trig 1999/03/16 v1.09 sin cos tan (DPC)
)
(/usr/local/gwTeX/texmf.texlive/tex/latex/config/graphics.cfg
File: graphics.cfg 2007/01/18 v1.5 graphics configuration of teTeX/TeXLive
)
Package graphics Info: Driver file: dvips.def on input line 90.
)
\Gin@req@height=\dimen144
\Gin@req@width=\dimen145
)
\c@prop=\count132
\c@assumption=\count133
)
(/usr/local/gwTeX/texmf.texlive/tex/latex/fancyhdr/fancyhdr.sty
\fancy@headwidth=\skip62
\f@ncyO@elh=\skip63
\f@ncyO@erh=\skip64
\f@ncyO@olh=\skip65
\f@ncyO@orh=\skip66
\f@ncyO@elf=\skip67
\f@ncyO@erf=\skip68
\f@ncyO@olf=\skip69
\f@ncyO@orf=\skip70
) (./thesis.aux
(./preface.tex.aux) (./contents.aux) (./introduction.aux) (./background.aux)
(./meaning-context.aux) (./entailment.aux) (./model-theoretic.aux)
(./ontologies.aux) (./syntax.aux) (./conclusion.aux) (./definitions.aux))
\openout1 = `thesis.aux'.

LaTeX Font Info:    Checking defaults for OML/cmm/m/it on input line 37.
LaTeX Font Info:    ... okay on input line 37.
LaTeX Font Info:    Checking defaults for T1/cmr/m/n on input line 37.
LaTeX Font Info:    ... okay on input line 37.
LaTeX Font Info:    Checking defaults for OT1/cmr/m/n on input line 37.
LaTeX Font Info:    ... okay on input line 37.
LaTeX Font Info:    Checking defaults for OMS/cmsy/m/n on input line 37.
LaTeX Font Info:    ... okay on input line 37.
LaTeX Font Info:    Checking defaults for OMX/cmex/m/n on input line 37.
LaTeX Font Info:    ... okay on input line 37.
LaTeX Font Info:    Checking defaults for U/cmr/m/n on input line 37.
LaTeX Font Info:    ... okay on input line 37.
-------------------- Geometry parameters
paper: a4paper
landscape: --
twocolumn: --
twoside: --
asymmetric: --
h-parts: 113.81102pt, 426.79135pt, 56.9055pt
v-parts: 71.13188pt, 702.78308pt, 71.13188pt
hmarginratio: --
vmarginratio: --
lines: --
heightrounded: --
bindingoffset: 0.0pt
truedimen: --
includehead: --
includefoot: --
includemp: --
driver: 
-------------------- Page layout dimensions and switches
\paperwidth  597.50787pt
\paperheight 845.04684pt
\textwidth  426.79135pt
\textheight 702.78308pt
\oddsidemargin  41.54103pt
\evensidemargin 41.54103pt
\topmargin  -38.1381pt
\headheight 14.5pt
\headsep    25.0pt
\footskip   30.0pt
\marginparwidth 35.0pt
\marginparsep   10.0pt
\columnsep  10.0pt
\skip\footins  10.8pt plus 4.0pt minus 2.0pt
\hoffset 0.0pt
\voffset 0.0pt
\mag 1000

(1in=72.27pt, 1cm=28.45pt)
-----------------------

[1

] [1] [1] [1

]
\openout2 = `preface.tex.aux'.


No file preface.tex.tex.
\openout2 = `contents.aux'.

(./contents.tex (./thesis.toc
LaTeX Font Info:    Try loading font information for U+msa on input line 4.

(/usr/local/gwTeX/texmf.texlive/tex/latex/amsfonts/umsa.fd
File: umsa.fd 2002/01/19 v2.2g AMS font definitions
)
LaTeX Font Info:    Try loading font information for U+msb on input line 4.

(/usr/local/gwTeX/texmf.texlive/tex/latex/amsfonts/umsb.fd
File: umsb.fd 2002/01/19 v2.2g AMS font definitions
) [2




] [3] [4])
\tf@toc=\write5
\openout5 = `thesis.toc'.

)
[5]
\openout2 = `introduction.aux'.

 (./introduction.tex [6



]
Chapter 1.
[7

]
LaTeX Font Info:    Try loading font information for OMS+cmr on input line 24.
 (/usr/local/gwTeX/texmf.texlive/tex/latex/base/omscmr.fd
File: omscmr.fd 1999/05/25 v2.5h Standard LaTeX font definitions
)
LaTeX Font Info:    Font shape `OMS/cmr/m/n' in size <12> not available
(Font)              Font shape `OMS/cmsy/m/n' tried instead on input line 24.

Overfull \hbox (4.0776pt too wide) in paragraph at lines 25--26
[]\OT1/cmr/m/it/12 Hypothesis: \OT1/cmr/m/n/12 Bu-dapest was once pop-u-larly k
nown as the ``Queen of the Danube.'' 
 []

[8] [9] [10]
Underfull \hbox (badness 2495) in paragraph at lines 99--99
[]\OT1/cmr/m/n/12 Relate Glick-man and Da-gan's
 []


Underfull \hbox (badness 10000) in paragraph at lines 107--107
[]\OT1/cmr/m/n/12 Represent log-i-cal sen-tences
 []


Underfull \hbox (badness 10000) in paragraph at lines 107--107
\OT1/cmr/m/n/12 sta-tis-ti-cal in-for-ma-tion about
 []


Underfull \hbox (badness 5260) in paragraph at lines 113--113
[]\OT1/cmr/m/n/12 Describe syn-tax in terms of
 []

) [11] [12]
\openout2 = `background.aux'.

 (./background.tex
Chapter 2.
[13



] [14] [15] [16] [17] [18]
Missing character: There is no Ñ in font cmtt8!
 [19] [20] (./matrices.pst) [21] (./plsa.pst)
[22] [23]
Overfull \hbox (2.52783pt too wide) in paragraph at lines 350--351
\OT1/cmr/m/n/12 Latent Dirich-let al-lo-ca-tion (Blei et al., 2003) pro-vides a
n even more in-depth Bayesian
 []

(./dirichlet.tex)
Underfull \hbox (badness 10000) in paragraph at lines 377--377
[]\OT1/cmr/m/n/12 Choose $\OML/cmm/m/it/12 w$ \OT1/cmr/m/n/12 ac-cord-ing to
 []

[24] [25] [26] [27] [28]) [29]
\openout2 = `meaning-context.aux'.

 (./meaning-context.tex
Chapter 3.
[30



] [31] [32] [33] (./orangefruit2.pst) [34] (./rotation.pst) (./rotation2.pst) [
35] [36] [37]
Overfull \hbox (0.57372pt too wide) in paragraph at lines 202--205
\OT1/cmr/m/n/12 the con-text of lan-guage mod-elling, we would ex-pect to find 
the prop-erty $[][] \OML/cmm/m/it/12 ^^^\OT1/cmr/m/n/12 ([]) =
 []

[38] [39] [40] [41] [42] [43] [44] [45] [46] [47]) [48]
\openout2 = `entailment.aux'.

 (./entailment.tex
[49



]
Chapter 4.

Underfull \hbox (badness 4217) in paragraph at lines 48--48
\OT1/cmr/m/n/12 date for his gov-ern-ment
 []


Underfull \hbox (badness 1852) in paragraph at lines 48--48
\OT1/cmr/m/n/12 new left gov-ern-ment was
 []


Underfull \hbox (badness 2828) in paragraph at lines 48--48
\OT1/cmr/m/n/12 needed that could count
 []


Underfull \hbox (badness 7151) in paragraph at lines 48--48
\OT1/cmr/m/n/12 on the sup-port of the
 []


Underfull \hbox (badness 7613) in paragraph at lines 48--48
\OT1/cmr/m/n/12 trade union bu-reau-cracy
 []


Underfull \hbox (badness 4454) in paragraph at lines 48--48
\OT1/cmr/m/n/12 and among the work-ing
 []


Underfull \hbox (badness 4316) in paragraph at lines 48--48
\OT1/cmr/m/n/12 class and so would en-
 []


Underfull \hbox (badness 8075) in paragraph at lines 49--49
\OT1/cmr/m/n/12 ate new gov-ern-ment in
 []

Missing character: There is no ‡ in font cmr12!

Underfull \hbox (badness 10000) in paragraph at lines 53--53
[]\OT1/cmr/m/n/12 Brazilian car-di-nal Dom
 []

Missing character: There is no ‡ in font cmr12!

Underfull \hbox (badness 2384) in paragraph at lines 58--58
[]\OT1/cmr/m/n/12 The mine would op-er-ate
 []

[50

] [51] [52] [53] [54] [55] [56]
Underfull \hbox (badness 10000) in paragraph at lines 196--196
[]\OT1/cmr/m/n/12 Vampire,
 []


Underfull \hbox (badness 10000) in paragraph at lines 196--196
\OT1/cmr/m/n/12 Para-dox,
 []


Overfull \hbox (17.32082pt too wide) in paragraph at lines 185--199
[][] 
 []


Overfull \hbox (3.05835pt too wide) in paragraph at lines 203--204
\OT1/cmr/m/n/12 Textual en-tail-ment recog-ni-tion sys-tems that make use of lo
gic rarely take the straight-
 []

[57] [58] [59] [60]
Overfull \hbox (0.6789pt too wide) in paragraph at lines 254--263
 [] 
 []

[61] [62] [63] [64] [65]) [66]
\openout2 = `model-theoretic.aux'.

 (./model-theoretic.tex
Chapter 5.
[67



] [68] [69] [70] [71] [72] [73] [74] [75] [76] [77] [78] [79] [80] [81]
[82] [83] [84]) [85]
\openout2 = `ontologies.aux'.

 (./ontologies.tex
Chapter 6.
[86



] [87] [88] [89] [90] [91] [92] [93] [94] [95] [96] [97] [98] [99] [100]
[101] [102]) [103]
\openout2 = `syntax.aux'.

 (./syntax.tex
Chapter 7.
[104



] [105] [106] [107] [108] [109] [110] [111]
Overfull \hbox (10.45752pt too wide) in paragraph at lines 262--263
[]$\OMS/cmsy/m/n/12 j\OML/cmm/m/it/12 d\OMS/cmsy/m/n/12 ij\OML/cmm/m/it/12 o\OM
S/cmsy/m/n/12 i j\OML/cmm/m/it/12 d\OMS/cmsy/m/n/12 ij\OML/cmm/m/it/12 j\OMS/cm
sy/m/n/12 i j\OML/cmm/m/it/12 a\OMS/cmsy/m/n/12 ij\OML/cmm/m/it/12 d\OMS/cmsy/m
/n/12 ij\OML/cmm/m/it/12 o\OMS/cmsy/m/n/12 i j\OML/cmm/m/it/12 a\OMS/cmsy/m/n/1
2 ij\OML/cmm/m/it/12 d\OMS/cmsy/m/n/12 ij\OML/cmm/m/it/12 j\OMS/cmsy/m/n/12 i$|
 
 []

[112] [113] [114] [115] [116] [117] [118] [119] [120] [121] [122] [123]
[124] [125] [126]) [127]
\openout2 = `conclusion.aux'.

 (./conclusion.tex
Chapter 8.
[128



] [129] [130] [131] [132]
Overfull \hbox (4.75139pt too wide) in paragraph at lines 74--75
[]\OT1/cmr/m/n/12 Variations on sub-string match-ing: ex-per-i-ments with dif-f
er-ent weight-ing schemes
 []

[133] [134]) [135]
\openout2 = `definitions.aux'.

 (./definitions.tex
Appendix A.
[136



] [137] [138] [139] [140] [141] [142] [143] [144] [145] [146] [147]
[148]) [149] (./thesis.bbl [150


] [151] [152] [153] [154] [155]) (./thesis.ind
[156] [157

] [158] [159]) (./thesis.aux (./preface.tex.aux) (./contents.aux)
(./introduction.aux) (./background.aux) (./meaning-context.aux)
(./entailment.aux) (./model-theoretic.aux) (./ontologies.aux) (./syntax.aux)
(./conclusion.aux) (./definitions.aux)) ) 
Here is how much of TeX's memory you used:
 5369 strings out of 94074
 65701 string characters out of 1163523
 2145986 words of memory out of 4597182
 8447 multiletter control sequences out of 10000+50000
 21118 words of font info for 76 fonts, out of 2000000 for 2000
 645 hyphenation exceptions out of 5000
 32i,14n,43p,1679b,446s stack positions out of 5000i,500n,6000p,200000b,50000s

Output written on thesis.dvi (162 pages, 631084 bytes).
